<?xml version="1.0" encoding="utf-8"?><testsuites name="pytest tests"><testsuite name="pytest" errors="0" failures="0" skipped="0" tests="34" time="6.491" timestamp="2026-07-15T11:47:24.982007+00:00" hostname="agent-env-7a0771e9-ec0b-46d8-aa33-d51564d90f05"><testcase classname="tests.test_content_media" name="test_get_all_content_public" time="0.299" /><testcase classname="tests.backend_test" name="test_root" time="0.299" /><testcase classname="tests.backend_test" name="test_site_config" time="0.076" /><testcase classname="tests.test_content_media" name="test_get_content_rooms_public" time="0.107" /><testcase classname="tests.backend_test" name="test_public_blog_list" time="0.035" /><testcase classname="tests.test_content_media" name="test_get_content_menu_public" time="0.150" /><testcase classname="tests.backend_test" name="test_public_blog_detail" time="0.076" /><testcase classname="tests.backend_test" name="test_public_blog_detail_404" time="0.044" /><testcase classname="tests.backend_test" name="test_auth_me_anonymous_401" time="0.088" /><testcase classname="tests.test_content_media" name="test_get_content_gallery_public" time="0.134" /><testcase classname="tests.backend_test" name="test_login_invalid" time="0.286" /><testcase classname="tests.test_content_media" name="test_get_content_faqs_public" time="0.218" /><testcase classname="tests.backend_test" name="test_login_success_sets_cookies" time="0.383" /><testcase classname="tests.test_content_media" name="test_get_content_attractions_public" time="0.312" /><testcase classname="tests.test_content_media" name="test_get_content_testimonials_public" time="0.125" /><testcase classname="tests.backend_test" name="test_logout_clears_cookies" time="0.502" /><testcase classname="tests.test_content_media" name="test_get_content_site_public" time="0.250" /><testcase classname="tests.test_content_media" name="test_get_content_invalid_type" time="0.124" /><testcase classname="tests.test_content_media" name="test_put_content_requires_auth" time="0.126" /><testcase classname="tests.backend_test" name="test_admin_list_blog" time="0.543" /><testcase classname="tests.test_content_media" name="test_put_content_invalid_type" time="0.565" /><testcase classname="tests.backend_test" name="test_admin_blog_requires_auth" time="0.147" /><testcase classname="tests.test_content_media" name="test_put_content_missing_data" time="0.041" /><testcase classname="tests.test_content_media" name="test_put_content_roundtrip_rooms" time="0.354" /><testcase classname="tests.backend_test" name="test_admin_blog_crud_flow" time="0.437" /><testcase classname="tests.test_content_media" name="test_put_content_roundtrip_site_promo" time="0.274" /><testcase classname="tests.backend_test" name="test_admin_get_invalid_id" time="0.077" /><testcase classname="tests.backend_test" name="test_contact_submit" time="0.089" /><testcase classname="tests.test_content_media" name="test_media_upload_requires_auth" time="0.088" /><testcase classname="tests.backend_test" name="test_contact_stored_visible_via_admin" time="0.087" /><testcase classname="tests.test_content_media" name="test_media_upload_and_get" time="2.413" /><testcase classname="tests.backend_test" name="test_contact_invalid_email" time="0.049" /><testcase classname="tests.test_content_media" name="test_media_upload_unsupported_type" time="0.085" /><testcase classname="tests.test_content_media" name="test_media_list_requires_auth" time="0.285" /></testsuite></testsuites>