<?xml version="1.0" encoding="utf-8"?><testsuites name="pytest tests"><testsuite name="pytest" errors="0" failures="0" skipped="0" tests="16" time="3.802" timestamp="2026-07-15T08:49:27.808404+00:00" hostname="agent-env-7a0771e9-ec0b-46d8-aa33-d51564d90f05"><testcase classname="tests.backend_test" name="test_root" time="0.282" /><testcase classname="tests.backend_test" name="test_site_config" time="0.082" /><testcase classname="tests.backend_test" name="test_public_blog_list" time="0.038" /><testcase classname="tests.backend_test" name="test_public_blog_detail" time="0.083" /><testcase classname="tests.backend_test" name="test_public_blog_detail_404" time="0.079" /><testcase classname="tests.backend_test" name="test_auth_me_anonymous_401" time="0.081" /><testcase classname="tests.backend_test" name="test_login_invalid" time="0.265" /><testcase classname="tests.backend_test" name="test_login_success_sets_cookies" time="0.405" /><testcase classname="tests.backend_test" name="test_logout_clears_cookies" time="0.678" /><testcase classname="tests.backend_test" name="test_admin_list_blog" time="0.358" /><testcase classname="tests.backend_test" name="test_admin_blog_requires_auth" time="0.084" /><testcase classname="tests.backend_test" name="test_admin_blog_crud_flow" time="0.454" /><testcase classname="tests.backend_test" name="test_admin_get_invalid_id" time="0.077" /><testcase classname="tests.backend_test" name="test_contact_submit" time="0.088" /><testcase classname="tests.backend_test" name="test_contact_stored_visible_via_admin" time="0.159" /><testcase classname="tests.backend_test" name="test_contact_invalid_email" time="0.078" /></testsuite></testsuites>